::1 - - [21/Feb/2021:20:29:49 +0000] "POST /api/note HTTP/1.1" 404 89
::1 - - [21/Feb/2021:20:30:02 +0000] "POST /api/notes HTTP/1.1" 400 86
::1 - - [21/Feb/2021:20:32:48 +0000] "POST /api/notes HTTP/1.1" 400 83
::1 - - [21/Feb/2021:21:04:37 +0000] "POST /api/note HTTP/1.1" 404 89
::1 - - [21/Feb/2021:21:04:54 +0000] "GET /api/notes/79968376-e05d-48ac-96b3-6e00eee518c5 HTTP/1.1" 400 150
::1 - - [21/Feb/2021:21:16:15 +0000] "GET /api/notes/79968376-e05d-48ac-96b3-6e00eee518c5 HTTP/1.1" 400 162
::1 - - [27/Feb/2021:17:15:36 +0000] "POST /api/notes HTTP/1.1" 500 120
::1 - - [27/Feb/2021:17:16:52 +0000] "POST /api/notes HTTP/1.1" 400 86
::1 - - [27/Feb/2021:17:17:07 +0000] "POST /api/notes HTTP/1.1" 500 120
::1 - - [27/Feb/2021:17:18:33 +0000] "POST /api/notes HTTP/1.1" 400 86
::1 - - [27/Feb/2021:19:39:31 +0000] "GET /api/notes/79968376-e05d-48ac-96b3-6e00eee518c5 HTTP/1.1" 400 77
::1 - - [27/Feb/2021:19:40:45 +0000] "GET /api/notes/79968376-e05d-48ac-96b3-6e00eee518c5 HTTP/1.1" 400 77
::1 - - [27/Feb/2021:19:41:08 +0000] "GET /api/notes/79968376-e05d-48ac-96b3-6e00eee518c5 HTTP/1.1" 500 182
::1 - - [27/Feb/2021:19:51:07 +0000] "GET /api/notes/6032caec2bd4612c58026873 HTTP/1.1" 404 72
::1 - - [27/Feb/2021:19:51:17 +0000] "GET /api/notes/6032caec2bd4612c5802687 HTTP/1.1" 400 77
::1 - - [27/Feb/2021:19:51:38 +0000] "GET /api/notes/6032caec2bd4612c58026873 HTTP/1.1" 404 72
::1 - - [08/Mar/2021:09:00:05 +0000] "GET /api/notes HTTP/1.1" 403 52
::1 - - [08/Mar/2021:09:03:09 +0000] "POST /api/users/registration HTTP/1.1" 500 89
::1 - - [08/Mar/2021:09:10:35 +0000] "POST /api/users/registration HTTP/1.1" 500 89
::1 - - [08/Mar/2021:09:11:05 +0000] "POST /api/users/registration HTTP/1.1" 500 89
::1 - - [08/Mar/2021:09:21:14 +0000] "POST /api/notes HTTP/1.1" 500 110
::1 - - [08/Mar/2021:09:48:47 +0000] "POST /api/notes HTTP/1.1" 500 110
::1 - - [08/Mar/2021:09:49:21 +0000] "GET /api/notes HTTP/1.1" 404 89
::1 - - [08/Mar/2021:10:03:09 +0000] "GET /api/notes HTTP/1.1" 404 89
::1 - - [08/Mar/2021:10:09:26 +0000] "POST /api/notes HTTP/1.1" 500 110
::1 - - [08/Mar/2021:10:11:48 +0000] "POST /api/notes HTTP/1.1" 500 110
::1 - - [08/Mar/2021:10:12:09 +0000] "POST /api/notes HTTP/1.1" 500 110
::1 - - [08/Mar/2021:10:13:56 +0000] "POST /api/notes HTTP/1.1" 500 110
::1 - - [08/Mar/2021:10:14:01 +0000] "POST /api/notes HTTP/1.1" 500 110
::1 - - [08/Mar/2021:10:15:00 +0000] "POST /api/notes HTTP/1.1" 500 110
::1 - - [08/Mar/2021:10:18:46 +0000] "POST /api/notes HTTP/1.1" 500 95
::1 - - [08/Mar/2021:10:47:49 +0000] "GET /api/notes HTTP/1.1" 403 77
::1 - - [08/Mar/2021:10:48:31 +0000] "POST /api/notes HTTP/1.1" 403 77
::1 - - [08/Mar/2021:10:51:54 +0000] "POST /api/notes HTTP/1.1" 403 77
::1 - - [08/Mar/2021:10:52:07 +0000] "GET /api/notes HTTP/1.1" 403 77
::1 - - [08/Mar/2021:10:54:53 +0000] "POST /api/users/registration HTTP/1.1" 500 105
::1 - - [08/Mar/2021:10:58:32 +0000] "POST /api/users/registration HTTP/1.1" 409 80
::1 - - [08/Mar/2021:10:59:18 +0000] "POST /api/users/registration HTTP/1.1" 500 162
::1 - - [08/Mar/2021:12:20:13 +0000] "GET /api/notes HTTP/1.1" 403 77
::1 - - [08/Mar/2021:12:21:56 +0000] "GET /api/notes HTTP/1.1" 403 77
::1 - - [08/Mar/2021:12:23:06 +0000] "POST /api/users/login HTTP/1.1" 500 116
::1 - - [08/Mar/2021:12:23:30 +0000] "POST /api/users/login HTTP/1.1" 500 116
::1 - - [08/Mar/2021:12:24:17 +0000] "POST /api/users/login HTTP/1.1" 500 116
::1 - - [08/Mar/2021:16:34:13 +0000] "POST /api/users/login HTTP/1.1" 500 116
::1 - - [08/Mar/2021:16:34:30 +0000] "POST /api/users/login HTTP/1.1" 500 116
::1 - - [08/Mar/2021:16:34:52 +0000] "POST /api/users/login HTTP/1.1" 500 116
::1 - - [08/Mar/2021:16:36:25 +0000] "GET /api/notes HTTP/1.1" 403 77
::1 - - [08/Mar/2021:16:37:08 +0000] "POST /api/notes/604601579990772564240c9f HTTP/1.1" 404 89
::1 - - [08/Mar/2021:16:37:45 +0000] "GET /api/notes/6032caec2bd4612c58026873 HTTP/1.1" 500 113
::1 - - [08/Mar/2021:16:38:18 +0000] "GET /api/notes/6032caec2bd4612c58026873 HTTP/1.1" 404 72
::1 - - [08/Mar/2021:17:07:26 +0000] "GET /api/notes/6046007d982baa2938c872ff HTTP/1.1" 404 72
